TN:
SF:/Users/ericwgreene/git/eric0200/node-demos/servers/08_express-handlerbars-logging/app.js
FN:11,(anonymous_0)
FN:33,(anonymous_1)
FN:38,(anonymous_2)
FN:43,(anonymous_3)
FNF:4
FNH:3
FNDA:2,(anonymous_0)
FNDA:0,(anonymous_1)
FNDA:1,(anonymous_2)
FNDA:1,(anonymous_3)
DA:3,2
DA:4,2
DA:5,2
DA:6,2
DA:7,2
DA:9,2
DA:11,2
DA:13,2
DA:15,2
DA:20,2
DA:22,2
DA:28,2
DA:30,2
DA:31,2
DA:33,2
DA:34,0
DA:35,0
DA:38,2
DA:39,1
DA:40,1
DA:43,2
DA:44,1
DA:50,2
DA:53,2
LF:24
LH:22
BRF:0
BRH:0
end_of_record
TN:
SF:/Users/ericwgreene/git/eric0200/node-demos/servers/08_express-handlerbars-logging/colors.js
FN:5,(anonymous_0)
FN:9,(anonymous_1)
FN:13,(anonymous_2)
FN:18,(anonymous_3)
FN:19,(anonymous_4)
FNF:5
FNH:0
FNDA:0,(anonymous_0)
FNDA:0,(anonymous_1)
FNDA:0,(anonymous_2)
FNDA:0,(anonymous_3)
FNDA:0,(anonymous_4)
DA:6,0
DA:10,0
DA:14,0
DA:15,0
DA:19,0
DA:20,0
DA:25,1
LF:7
LH:1
BRF:0
BRH:0
end_of_record
